0 info it worked if it ends with ok
1 verbose cli [ 'node',
1 verbose cli   '/usr/local/bin/npm',
1 verbose cli   'install',
1 verbose cli   'generator-generator',
1 verbose cli   '-g' ]
2 info using npm@1.3.24
3 info using node@v0.10.25
4 verbose cache add [ 'generator-generator', null ]
5 verbose cache add name=undefined spec="generator-generator" args=["generator-generator",null]
6 verbose parsed url { protocol: null,
6 verbose parsed url   slashes: null,
6 verbose parsed url   auth: null,
6 verbose parsed url   host: null,
6 verbose parsed url   port: null,
6 verbose parsed url   hostname: null,
6 verbose parsed url   hash: null,
6 verbose parsed url   search: null,
6 verbose parsed url   query: null,
6 verbose parsed url   pathname: 'generator-generator',
6 verbose parsed url   path: 'generator-generator',
6 verbose parsed url   href: 'generator-generator' }
7 silly lockFile 672ab713-generator-generator generator-generator
8 verbose lock generator-generator /Users/arkade/.npm/672ab713-generator-generator.lock
9 silly lockFile 672ab713-generator-generator generator-generator
10 silly lockFile 672ab713-generator-generator generator-generator
11 verbose addNamed [ 'generator-generator', '' ]
12 verbose addNamed [ null, '*' ]
13 silly lockFile cf4482ef-generator-generator generator-generator@
14 verbose lock generator-generator@ /Users/arkade/.npm/cf4482ef-generator-generator.lock
15 silly addNameRange { name: 'generator-generator', range: '*', hasData: false }
16 verbose url raw generator-generator
17 verbose url resolving [ 'https://registry.npmjs.org/', './generator-generator' ]
18 verbose url resolved https://registry.npmjs.org/generator-generator
19 info trying registry request attempt 1 at 15:00:45
20 verbose etag "9HXOO6IQXAHMWVR041U7Y2ZHK"
21 http GET https://registry.npmjs.org/generator-generator
22 http 304 https://registry.npmjs.org/generator-generator
23 silly registry.get cb [ 304,
23 silly registry.get   { date: 'Mon, 29 Sep 2014 05:00:50 GMT',
23 silly registry.get     server: 'Apache',
23 silly registry.get     via: '1.1 varnish',
23 silly registry.get     'last-modified': 'Mon, 29 Sep 2014 05:00:51 GMT',
23 silly registry.get     'cache-control': 'max-age=60',
23 silly registry.get     etag: '"9HXOO6IQXAHMWVR041U7Y2ZHK"',
23 silly registry.get     'x-served-by': 'cache-syd1621-SYD',
23 silly registry.get     'x-cache': 'MISS',
23 silly registry.get     'x-cache-hits': '0',
23 silly registry.get     'x-timer': 'S1411966850.915288,VS0,VE752',
23 silly registry.get     vary: 'Accept',
23 silly registry.get     'content-length': '0',
23 silly registry.get     'keep-alive': 'timeout=10, max=50',
23 silly registry.get     connection: 'Keep-Alive' } ]
24 verbose etag generator-generator from cache
25 silly addNameRange number 2 { name: 'generator-generator', range: '*', hasData: true }
26 silly addNameRange versions [ 'generator-generator',
26 silly addNameRange   [ '0.1.0',
26 silly addNameRange     '0.1.1',
26 silly addNameRange     '0.2.0',
26 silly addNameRange     '0.2.1',
26 silly addNameRange     '0.2.2',
26 silly addNameRange     '0.3.0',
26 silly addNameRange     '0.4.0',
26 silly addNameRange     '0.4.1',
26 silly addNameRange     '0.4.2',
26 silly addNameRange     '0.4.3',
26 silly addNameRange     '0.4.4',
26 silly addNameRange     '0.5.0' ] ]
27 verbose addNamed [ 'generator-generator', '0.5.0' ]
28 verbose addNamed [ '0.5.0', '0.5.0' ]
29 silly lockFile 8c3fc334-generator-generator-0-5-0 generator-generator@0.5.0
30 verbose lock generator-generator@0.5.0 /Users/arkade/.npm/8c3fc334-generator-generator-0-5-0.lock
31 silly lockFile 8c3fc334-generator-generator-0-5-0 generator-generator@0.5.0
32 silly lockFile 8c3fc334-generator-generator-0-5-0 generator-generator@0.5.0
33 silly lockFile cf4482ef-generator-generator generator-generator@
34 silly lockFile cf4482ef-generator-generator generator-generator@
35 silly resolved [ { name: 'generator-generator',
35 silly resolved     version: '0.5.0',
35 silly resolved     description: 'Generator Generator for Yeoman',
35 silly resolved     keywords: [ 'yeoman-generator', 'generator', 'inception' ],
35 silly resolved     homepage: 'https://github.com/yeoman/generator-generator',
35 silly resolved     bugs: { url: 'https://github.com/yeoman/generator-generator/issues' },
35 silly resolved     author:
35 silly resolved      { name: 'Pascal Hartig',
35 silly resolved        email: 'phartig@rdrei.net',
35 silly resolved        url: 'http://yeoman.io' },
35 silly resolved     main: 'app/index.js',
35 silly resolved     repository:
35 silly resolved      { type: 'git',
35 silly resolved        url: 'https://github.com/yeoman/generator-generator.git' },
35 silly resolved     scripts: { test: 'mocha' },
35 silly resolved     dependencies:
35 silly resolved      { chalk: '^0.5.0',
35 silly resolved        github: '^0.2.1',
35 silly resolved        'npm-name': '^0.2.0',
35 silly resolved        superb: '^1.0.0',
35 silly resolved        'yeoman-generator': '^0.17.3',
35 silly resolved        yosay: '^0.3.0' },
35 silly resolved     devDependencies: { mocha: '^1.21.4', mockery: '^1.4.0' },
35 silly resolved     peerDependencies: { yo: '>=1.0.0' },
35 silly resolved     engines: { node: '>=0.10.0', npm: '>=1.2.10' },
35 silly resolved     licenses: [ [Object] ],
35 silly resolved     files: [ 'app', 'subgenerator' ],
35 silly resolved     readme: '# generator-generator [![Build Status](https://secure.travis-ci.org/yeoman/generator-generator.svg?branch=master)](https://travis-ci.org/yeoman/generator-generator)\n\n> Yeoman generator for Yeoman generators  \n> Scaffolds out a new basic Yeoman generator with some sensible defaults.\n\nMaintainer: [Pascal Hartig](https://github.com/passy)\n\n![Yo dawg, I heard you like generators?](http://i.imgur.com/2gqiift.jpg)\n\n\n## Getting started\n\n- Install: `npm install -g generator-generator`\n- Run: `yo generator`\n\nIf during generation you get an error like `API rate limit exceeded`, you need to log in to GitHub\nand [create a new API token](https://github.com/settings/tokens/new), then add:\n```bash\nexport GITHUB_TOKEN=\'YOUR_NEW_TOKEN\'\n```\nto your `.bashrc`, `.zshrc`, `.profile` or another file that is run on shell initialization. In new terminal shells\nyou shouldn\'t see this error anymore.\n\n\n## Commands\n\n* `yo generator` shows a wizard for generating a new generator\n* `yo generator:subgenerator NAME` generates a subgenerator with the name NAME\n\n\n## What do you get?\n\nScaffolds out a complete project directory structure for you:\n\n    .\n    ├── app\n    │   ├── index.js\n    │   └── templates\n    │       ├── editorconfig\n    │       └── jshintrc\n    ├── .editorconfig\n    ├── .gitattributes\n    ├── .gitignore\n    ├── .jshintrc\n    ├── LICENSE\n    ├── package.json\n    ├── README.md\n    └── test\n        ├── test-creation.js\n        └── test-load.js\n\n\n## Changelog\n\n* 0.3.0\n    * Updated for generator 0.13.0.\n    * Added yo peer dependency.\n\n* 0.2.2\n    * Updated dependencies.\n\n* 0.2.1\n    * The name specified in the prompt is now used in `package.json`.\n    * `generator-generator` officially replaced the built-in generator that was\n      bundled with yo.\n\n* 0.2\n    * Added subgenerator for subgenerators\n    * Generated generator now generates package.json, component.json and\n      installs them by default.\n\n* 0.1.1\n    * Upgraded mocha to 1.9.0\n    * Include `.travis.yml`\n\n\n## Contributing\n\nSee the [contribution docs](https://github.com/yeoman/yeoman/blob/master/contributing.md).\n\nWhen submitting an issue, please follow [the\nguidelines](https://github.com/yeoman/yeoman/blob/master/contributing.md#issue-submission).\nEspecially important is to make sure Yeoman is up-to-date, and providing the\ncommand or commands that cause the issue.\n\n\n## License\n\nMIT © Pascal Hartig <phartig@rdrei.net> and other contributors\n',
35 silly resolved     readmeFilename: 'README.md',
35 silly resolved     _id: 'generator-generator@0.5.0',
35 silly resolved     _from: 'generator-generator@' } ]
36 info install generator-generator@0.5.0 into /usr/local/lib
37 info installOne generator-generator@0.5.0
38 info /usr/local/lib/node_modules/generator-generator unbuild
39 verbose tar unpack /Users/arkade/.npm/generator-generator/0.5.0/package.tgz
40 silly lockFile 46cd8b45-node-modules-generator-generator tar:///usr/local/lib/node_modules/generator-generator
41 verbose lock tar:///usr/local/lib/node_modules/generator-generator /Users/arkade/.npm/46cd8b45-node-modules-generator-generator.lock
42 silly lockFile 7b2e879e-ator-generator-0-5-0-package-tgz tar:///Users/arkade/.npm/generator-generator/0.5.0/package.tgz
43 verbose lock tar:///Users/arkade/.npm/generator-generator/0.5.0/package.tgz /Users/arkade/.npm/7b2e879e-ator-generator-0-5-0-package-tgz.lock
44 silly gunzTarPerm modes [ '755', '644' ]
45 error Error: EACCES, mkdir '/usr/local/lib/node_modules/generator-generator'
45 error  { [Error: EACCES, mkdir '/usr/local/lib/node_modules/generator-generator']
45 error   errno: 3,
45 error   code: 'EACCES',
45 error   path: '/usr/local/lib/node_modules/generator-generator',
45 error   fstream_type: 'Directory',
45 error   fstream_path: '/usr/local/lib/node_modules/generator-generator',
45 error   fstream_class: 'DirWriter',
45 error   fstream_stack:
45 error    [ '/usr/local/lib/node_modules/npm/node_modules/fstream/lib/dir-writer.js:36:23',
45 error      '/usr/local/lib/node_modules/npm/node_modules/mkdirp/index.js:37:53',
45 error      'Object.oncomplete (fs.js:107:15)' ] }
46 error Please try running this command again as root/Administrator.
47 error System Darwin 12.5.0
48 error command "node" "/usr/local/bin/npm" "install" "generator-generator" "-g"
49 error cwd /Users/arkade/arkade-dev-will/experiments/base-gen
50 error node -v v0.10.25
51 error npm -v 1.3.24
52 error path /usr/local/lib/node_modules/generator-generator
53 error fstream_path /usr/local/lib/node_modules/generator-generator
54 error fstream_type Directory
55 error fstream_class DirWriter
56 error code EACCES
57 error errno 3
58 error stack Error: EACCES, mkdir '/usr/local/lib/node_modules/generator-generator'
59 error fstream_stack /usr/local/lib/node_modules/npm/node_modules/fstream/lib/dir-writer.js:36:23
59 error fstream_stack /usr/local/lib/node_modules/npm/node_modules/mkdirp/index.js:37:53
59 error fstream_stack Object.oncomplete (fs.js:107:15)
60 verbose exit [ 3, true ]
